res/input.txt
res/input.txt loaded.
[1, 0, 0, 0, 1, 0, 0, 0, 1, 1, 0, 0, 1, 1, 1, 1, 0, 0, 1, 1, 0, 1, 1, 1, 1, 0, 1, 0, 0, 0, 1, 0, 0, 0, 1, 0, 1, 0, 1, 0, 1, 0, 0, 0, 0, 0, 0, 1, 1, 0, 0, 0, 0, 1, 0, 0, 0, 0, 1, 1, 1, 1, 1, 1, 0, 1, 1, 1, 1, 0, 1, 1, 0, 0, 1, 0, 0, 1, 0, 0, 1, 1, 0, 1, 1, 0, 0, 1, 1, 0, 0, 0, 0, 1, 1, 1, 1, 1, 1, 1]
Input: Rule { left2: 0, left1: 1, cur: 1, right1: 1, right2: 1, result: 0 }
Input: Rule { left2: 0, left1: 0, cur: 0, right1: 1, right2: 0, result: 0 }
Input: Rule { left2: 0, left1: 1, cur: 1, right1: 0, right2: 0, result: 1 }
Input: Rule { left2: 1, left1: 0, cur: 1, right1: 1, right2: 0, result: 0 }
Input: Rule { left2: 1, left1: 0, cur: 0, right1: 1, right2: 1, result: 0 }
Input: Rule { left2: 1, left1: 1, cur: 1, right1: 1, right2: 1, result: 1 }
Input: Rule { left2: 1, left1: 1, cur: 1, right1: 1, right2: 0, result: 1 }
Input: Rule { left2: 0, left1: 1, cur: 1, right1: 0, right2: 1, result: 1 }
Input: Rule { left2: 1, left1: 0, cur: 1, right1: 1, right2: 1, result: 0 }
Input: Rule { left2: 0, left1: 0, cur: 0, right1: 1, right2: 1, result: 1 }
Input: Rule { left2: 0, left1: 1, cur: 0, right1: 1, right2: 1, result: 1 }
Input: Rule { left2: 1, left1: 0, cur: 0, right1: 1, right2: 0, result: 1 }
Input: Rule { left2: 1, left1: 0, cur: 1, right1: 0, right2: 0, result: 1 }
Input: Rule { left2: 0, left1: 1, cur: 1, right1: 1, right2: 0, result: 1 }
Input: Rule { left2: 1, left1: 1, cur: 0, right1: 1, right2: 1, result: 1 }
Input: Rule { left2: 1, left1: 1, cur: 0, right1: 0, right2: 1, result: 0 }
Input: Rule { left2: 0, left1: 1, cur: 0, right1: 0, right2: 0, result: 1 }
Input: Rule { left2: 1, left1: 1, cur: 1, right1: 0, right2: 1, result: 0 }
Input: Rule { left2: 0, left1: 0, cur: 1, right1: 1, right2: 0, result: 0 }
Input: Rule { left2: 0, left1: 0, cur: 0, right1: 0, right2: 0, result: 0 }
Input: Rule { left2: 1, left1: 1, cur: 1, right1: 0, right2: 0, result: 1 }
Input: Rule { left2: 0, left1: 0, cur: 1, right1: 0, right2: 1, result: 0 }
Input: Rule { left2: 0, left1: 1, cur: 0, right1: 0, right2: 1, result: 1 }
Input: Rule { left2: 1, left1: 1, cur: 0, right1: 0, right2: 0, result: 1 }
Input: Rule { left2: 1, left1: 0, cur: 0, right1: 0, right2: 0, result: 0 }
Input: Rule { left2: 1, left1: 1, cur: 0, right1: 1, right2: 0, result: 0 }
Input: Rule { left2: 0, left1: 0, cur: 1, right1: 0, right2: 0, result: 1 }
Input: Rule { left2: 0, left1: 0, cur: 0, right1: 0, right2: 1, result: 0 }
Input: Rule { left2: 1, left1: 0, cur: 0, right1: 0, right2: 1, result: 0 }
Input: Rule { left2: 1, left1: 0, cur: 1, right1: 0, right2: 1, result: 1 }
Input: Rule { left2: 0, left1: 0, cur: 1, right1: 1, right2: 1, result: 0 }
Input: Rule { left2: 0, left1: 1, cur: 0, right1: 1, right2: 0, result: 1 }
gen 1 out 2812
gen 2 out 3084
gen 3 out 3100
gen 4 out 2959
gen 5 out 3328
gen 6 out 3299
gen 7 out 3389
gen 8 out 3332
gen 9 out 3391
gen 10 out 3674
gen 11 out 3269
gen 12 out 3776
gen 13 out 3651
gen 14 out 3949
gen 15 out 3900
gen 16 out 3837
gen 17 out 4043
gen 18 out 4189
gen 19 out 4173
gen 20 out 4386
gen 21 out 4287
gen 22 out 4155
gen 23 out 4414
gen 24 out 4369
gen 25 out 4709
gen 26 out 4825
gen 27 out 4625
gen 28 out 4899
gen 29 out 4936
gen 30 out 5297
gen 31 out 5154
gen 32 out 5137
gen 33 out 4990
gen 34 out 5343
gen 35 out 5346
gen 36 out 5366
gen 37 out 5591
gen 38 out 5721
gen 39 out 5608
gen 40 out 5627
gen 41 out 5839
gen 42 out 5852
gen 43 out 6206
gen 44 out 6048
gen 45 out 6132
gen 46 out 6175
gen 47 out 6614
gen 48 out 6578
gen 49 out 6436
gen 50 out 6680
gen 51 out 6512
gen 52 out 6828
gen 53 out 6910
gen 54 out 7027
gen 55 out 7145
gen 56 out 7287
gen 57 out 7191
gen 58 out 7217
gen 59 out 7456
gen 60 out 7582
gen 61 out 7600
gen 62 out 7752
gen 63 out 7881
gen 64 out 8109
gen 65 out 7971
gen 66 out 8099
gen 67 out 8289
gen 68 out 8382
gen 69 out 8312
gen 70 out 8527
gen 71 out 8649
gen 72 out 8876
gen 73 out 8906
gen 74 out 8852
gen 75 out 8982
gen 76 out 8989
gen 77 out 9154
gen 78 out 9184
gen 79 out 9367
gen 80 out 9464
gen 81 out 9494
gen 82 out 9771
gen 83 out 9676
gen 84 out 9905
gen 85 out 9940
gen 86 out 10222
gen 87 out 10259
gen 88 out 10309
gen 89 out 10341
gen 90 out 10471
gen 91 out 10719
gen 92 out 10710
gen 93 out 10892
gen 94 out 10884
gen 95 out 11078
gen 96 out 11172
gen 97 out 11469
gen 98 out 11503
gen 99 out 11543
gen 100 out 11633
gen 101 out 11787
gen 102 out 11826
gen 103 out 11929
gen 104 out 12012
gen 105 out 12270
gen 106 out 12313
gen 107 out 12505
gen 108 out 12558
gen 109 out 12704
gen 110 out 12800
gen 111 out 12951
gen 112 out 13053
gen 113 out 13203
gen 114 out 13302
gen 115 out 13504
gen 116 out 13554
gen 117 out 13705
gen 118 out 13856
gen 119 out 14111
gen 120 out 14164
gen 121 out 14216
gen 122 out 14418
gen 123 out 14424
gen 124 out 14685
gen 125 out 14791
gen 126 out 14900
gen 127 out 15009
gen 128 out 15118
gen 129 out 15227
gen 130 out 15336
gen 131 out 15445
gen 132 out 15554
gen 133 out 15663
gen 134 out 15772
gen 135 out 15881
gen 136 out 15990
gen 137 out 16099
gen 138 out 16208
gen 139 out 16317
gen 140 out 16426
gen 141 out 16535
gen 142 out 16644
gen 143 out 16753
gen 144 out 16862
gen 145 out 16971
gen 146 out 17080
gen 147 out 17189
gen 148 out 17298
gen 149 out 17407
gen 150 out 17516
gen 151 out 17625
gen 152 out 17734
gen 153 out 17843
gen 154 out 17952
gen 155 out 18061
gen 156 out 18170
gen 157 out 18279
gen 158 out 18388
gen 159 out 18497
gen 160 out 18606
gen 161 out 18715
gen 162 out 18824
gen 163 out 18933
gen 164 out 19042
gen 165 out 19151
gen 166 out 19260
gen 167 out 19369
gen 168 out 19478
gen 169 out 19587
gen 170 out 19696
gen 171 out 19805
gen 172 out 19914
gen 173 out 20023
gen 174 out 20132
gen 175 out 20241
gen 176 out 20350
gen 177 out 20459
gen 178 out 20568
gen 179 out 20677
gen 180 out 20786
gen 181 out 20895
gen 182 out 21004
gen 183 out 21113
gen 184 out 21222
gen 185 out 21331
gen 186 out 21440
gen 187 out 21549
gen 188 out 21658
gen 189 out 21767
gen 190 out 21876
gen 191 out 21985
gen 192 out 22094
gen 193 out 22203
gen 194 out 22312
gen 195 out 22421
gen 196 out 22530
gen 197 out 22639
gen 198 out 22748
gen 199 out 22857
gen 200 out 22966
gen 201 out 23075
gen 202 out 23184
gen 203 out 23293
gen 204 out 23402
gen 205 out 23511
gen 206 out 23620
gen 207 out 23729
gen 208 out 23838
gen 209 out 23947
gen 210 out 24056
gen 211 out 24165
gen 212 out 24274
gen 213 out 24383
gen 214 out 24492
gen 215 out 24601
gen 216 out 24710
gen 217 out 24819
gen 218 out 24928
gen 219 out 25037
gen 220 out 25146
gen 221 out 25255
gen 222 out 25364
gen 223 out 25473
gen 224 out 25582
gen 225 out 25691
gen 226 out 25800
gen 227 out 25909
gen 228 out 26018
gen 229 out 26127
gen 230 out 26236
gen 231 out 26345
gen 232 out 26454
gen 233 out 26563
gen 234 out 26672
gen 235 out 26781
gen 236 out 26890
gen 237 out 26999
gen 238 out 27108
gen 239 out 27217
gen 240 out 27326
gen 241 out 27435
gen 242 out 27544
gen 243 out 27653
gen 244 out 27762
gen 245 out 27871
gen 246 out 27980
gen 247 out 28089
gen 248 out 28198
gen 249 out 28307
gen 250 out 28416
gen 251 out 28525
gen 252 out 28634
gen 253 out 28743
gen 254 out 28852
gen 255 out 28961
gen 256 out 29070
gen 257 out 29179
gen 258 out 29288
gen 259 out 29397
gen 260 out 29506
gen 261 out 29615
gen 262 out 29724
gen 263 out 29833
gen 264 out 29942
gen 265 out 30051
gen 266 out 30160
gen 267 out 30269
gen 268 out 30378
gen 269 out 30487
gen 270 out 30596
gen 271 out 30705
gen 272 out 30814
gen 273 out 30923
gen 274 out 31032
gen 275 out 31141
gen 276 out 31250
gen 277 out 31359
gen 278 out 31468
gen 279 out 31577
gen 280 out 31686
gen 281 out 31795
gen 282 out 31904
gen 283 out 32013
gen 284 out 32122
gen 285 out 32231
gen 286 out 32340
gen 287 out 32449
gen 288 out 32558
gen 289 out 32667
gen 290 out 32776
gen 291 out 32885
gen 292 out 32994
gen 293 out 33103
gen 294 out 33212
gen 295 out 33321
gen 296 out 33430
gen 297 out 33539
gen 298 out 33648
gen 299 out 33757
gen 300 out 33866
gen 301 out 33975
gen 302 out 34084
gen 303 out 34193
gen 304 out 34302
gen 305 out 34411
gen 306 out 34520
gen 307 out 34629
gen 308 out 34738
gen 309 out 34847
gen 310 out 34956
gen 311 out 35065
gen 312 out 35174
gen 313 out 35283
gen 314 out 35392
gen 315 out 35501
gen 316 out 35610
gen 317 out 35719
gen 318 out 35828
gen 319 out 35937
gen 320 out 36046
gen 321 out 36155
gen 322 out 36264
gen 323 out 36373
gen 324 out 36482
gen 325 out 36591
gen 326 out 36700
gen 327 out 36809
gen 328 out 36918
gen 329 out 37027
gen 330 out 37136
gen 331 out 37245
gen 332 out 37354
gen 333 out 37463
gen 334 out 37572
gen 335 out 37681
gen 336 out 37790
gen 337 out 37899
gen 338 out 38008
gen 339 out 38117
gen 340 out 38226
gen 341 out 38335
gen 342 out 38444
gen 343 out 38553
gen 344 out 38662
gen 345 out 38771
gen 346 out 38880
gen 347 out 38989
gen 348 out 39098
gen 349 out 39207
gen 350 out 39316
gen 351 out 39425
gen 352 out 39534
gen 353 out 39643
gen 354 out 39752
gen 355 out 39861
gen 356 out 39970
gen 357 out 40079
gen 358 out 40188
gen 359 out 40297
gen 360 out 40406
gen 361 out 40515
gen 362 out 40624
gen 363 out 40733
gen 364 out 40842
gen 365 out 40951
gen 366 out 41060
gen 367 out 41169
gen 368 out 41278
gen 369 out 41387
gen 370 out 41496
gen 371 out 41605
gen 372 out 41714
gen 373 out 41823
gen 374 out 41932
gen 375 out 42041
gen 376 out 42150
gen 377 out 42259
gen 378 out 42368
gen 379 out 42477
gen 380 out 42586
gen 381 out 42695
gen 382 out 42804
gen 383 out 42913
gen 384 out 43022
gen 385 out 43131
gen 386 out 43240
gen 387 out 43349
gen 388 out 43458
gen 389 out 43567
gen 390 out 43676
gen 391 out 43785
gen 392 out 43894
gen 393 out 44003
gen 394 out 44112
gen 395 out 44221
gen 396 out 44330
gen 397 out 44439
gen 398 out 44548
gen 399 out 44657
gen 400 out 44766
gen 401 out 44875
gen 402 out 44984
gen 403 out 45093
gen 404 out 45202
gen 405 out 45311
gen 406 out 45420
gen 407 out 45529
gen 408 out 45638
gen 409 out 45747
gen 410 out 45856
gen 411 out 45965
gen 412 out 46074
gen 413 out 46183
gen 414 out 46292
gen 415 out 46401
gen 416 out 46510
gen 417 out 46619
gen 418 out 46728
gen 419 out 46837
gen 420 out 46946
gen 421 out 47055
gen 422 out 47164
gen 423 out 47273
gen 424 out 47382
gen 425 out 47491
gen 426 out 47600
gen 427 out 47709
gen 428 out 47818
gen 429 out 47927
gen 430 out 48036
gen 431 out 48145
gen 432 out 48254
gen 433 out 48363
gen 434 out 48472
gen 435 out 48581
gen 436 out 48690
gen 437 out 48799
gen 438 out 48908
gen 439 out 49017
gen 440 out 49126
gen 441 out 49235
gen 442 out 49344
gen 443 out 49453
gen 444 out 49562
gen 445 out 49671
gen 446 out 49780
gen 447 out 49889
gen 448 out 49998
gen 449 out 50107
gen 450 out 50216
gen 451 out 50325
gen 452 out 50434
gen 453 out 50543
gen 454 out 50652
gen 455 out 50761
gen 456 out 50870
gen 457 out 50979
gen 458 out 51088
gen 459 out 51197
gen 460 out 51306
gen 461 out 51415
gen 462 out 51524
gen 463 out 51633
gen 464 out 51742
gen 465 out 51851
gen 466 out 51960
gen 467 out 52069
gen 468 out 52178
gen 469 out 52287
gen 470 out 52396
gen 471 out 52505
gen 472 out 52614
gen 473 out 52723
gen 474 out 52832
gen 475 out 52941
gen 476 out 53050
gen 477 out 53159
gen 478 out 53268
gen 479 out 53377
gen 480 out 53486
gen 481 out 53595
gen 482 out 53704
gen 483 out 53813
gen 484 out 53922
gen 485 out 54031
gen 486 out 54140
gen 487 out 54249
gen 488 out 54358
gen 489 out 54467
gen 490 out 54576
gen 491 out 54685
gen 492 out 54794
gen 493 out 54903
gen 494 out 55012
gen 495 out 55121
gen 496 out 55230
gen 497 out 55339
gen 498 out 55448
gen 499 out 55557
gen 500 out 55666
gen 501 out 55775
gen 502 out 55884
gen 503 out 55993
gen 504 out 56102
gen 505 out 56211
gen 506 out 56320
gen 507 out 56429
gen 508 out 56538
gen 509 out 56647
gen 510 out 56756
gen 511 out 56865
gen 512 out 56974
gen 513 out 57083
gen 514 out 57192
gen 515 out 57301
gen 516 out 57410
gen 517 out 57519
gen 518 out 57628
gen 519 out 57737
gen 520 out 57846
gen 521 out 57955
gen 522 out 58064
gen 523 out 58173
gen 524 out 58282
gen 525 out 58391
gen 526 out 58500
gen 527 out 58609
gen 528 out 58718
gen 529 out 58827
gen 530 out 58936
gen 531 out 59045
gen 532 out 59154
gen 533 out 59263
gen 534 out 59372
gen 535 out 59481
gen 536 out 59590
gen 537 out 59699
gen 538 out 59808
gen 539 out 59917
gen 540 out 60026
gen 541 out 60135
gen 542 out 60244
gen 543 out 60353
gen 544 out 60462
gen 545 out 60571
gen 546 out 60680
gen 547 out 60789
gen 548 out 60898
gen 549 out 61007
gen 550 out 61116
gen 551 out 61225
gen 552 out 61334
gen 553 out 61443
gen 554 out 61552
gen 555 out 61661
gen 556 out 61770
gen 557 out 61879
gen 558 out 61988
gen 559 out 62097
gen 560 out 62206
gen 561 out 62315
gen 562 out 62424
gen 563 out 62533
gen 564 out 62642
gen 565 out 62751
gen 566 out 62860
gen 567 out 62969
gen 568 out 63078
gen 569 out 63187
gen 570 out 63296
gen 571 out 63405
gen 572 out 63514
gen 573 out 63623
gen 574 out 63732
gen 575 out 63841
gen 576 out 63950
gen 577 out 64059
gen 578 out 64168
gen 579 out 64277
gen 580 out 64386
gen 581 out 64495
gen 582 out 64604
gen 583 out 64713
gen 584 out 64822
gen 585 out 64931
gen 586 out 65040
gen 587 out 65149
gen 588 out 65258
gen 589 out 65367
gen 590 out 65476
gen 591 out 65585
gen 592 out 65694
gen 593 out 65803
gen 594 out 65912
gen 595 out 66021
gen 596 out 66130
gen 597 out 66239
gen 598 out 66348
gen 599 out 66457
gen 600 out 66566
gen 601 out 66675
gen 602 out 66784
gen 603 out 66893
gen 604 out 67002
gen 605 out 67111
gen 606 out 67220
gen 607 out 67329
gen 608 out 67438
gen 609 out 67547
gen 610 out 67656
gen 611 out 67765
gen 612 out 67874
gen 613 out 67983
gen 614 out 68092
gen 615 out 68201
gen 616 out 68310
gen 617 out 68419
gen 618 out 68528
gen 619 out 68637
gen 620 out 68746
gen 621 out 68855
gen 622 out 68964
gen 623 out 69073
gen 624 out 69182
gen 625 out 69291
gen 626 out 69400
gen 627 out 69509
gen 628 out 69618
gen 629 out 69727
gen 630 out 69836
gen 631 out 69945
gen 632 out 70054
gen 633 out 70163
gen 634 out 70272
gen 635 out 70381
gen 636 out 70490
gen 637 out 70599
gen 638 out 70708
gen 639 out 70817
gen 640 out 70926
gen 641 out 71035
gen 642 out 71144
gen 643 out 71253
gen 644 out 71362
gen 645 out 71471
gen 646 out 71580
gen 647 out 71689
gen 648 out 71798
gen 649 out 71907
gen 650 out 72016
gen 651 out 72125
gen 652 out 72234
gen 653 out 72343
gen 654 out 72452
gen 655 out 72561
gen 656 out 72670
gen 657 out 72779
gen 658 out 72888
gen 659 out 72997
gen 660 out 73106
gen 661 out 73215
gen 662 out 73324
gen 663 out 73433
gen 664 out 73542
gen 665 out 73651
gen 666 out 73760
gen 667 out 73869
gen 668 out 73978
gen 669 out 74087
gen 670 out 74196
gen 671 out 74305
gen 672 out 74414
gen 673 out 74523
gen 674 out 74632
gen 675 out 74741
gen 676 out 74850
gen 677 out 74959
gen 678 out 75068
gen 679 out 75177
gen 680 out 75286
gen 681 out 75395
gen 682 out 75504
gen 683 out 75613
gen 684 out 75722
gen 685 out 75831
gen 686 out 75940
gen 687 out 76049
gen 688 out 76158
gen 689 out 76267
gen 690 out 76376
gen 691 out 76485
gen 692 out 76594
gen 693 out 76703
gen 694 out 76812
gen 695 out 76921
gen 696 out 77030
gen 697 out 77139
gen 698 out 77248
gen 699 out 77357
gen 700 out 77466
gen 701 out 77575
gen 702 out 77684
gen 703 out 77793
gen 704 out 77902
gen 705 out 78011
gen 706 out 78120
gen 707 out 78229
gen 708 out 78338
gen 709 out 78447
gen 710 out 78556
gen 711 out 78665
gen 712 out 78774
gen 713 out 78883
gen 714 out 78992
gen 715 out 79101
gen 716 out 79210
gen 717 out 79319
gen 718 out 79428
gen 719 out 79537
gen 720 out 79646
gen 721 out 79755
gen 722 out 79864
gen 723 out 79973
gen 724 out 80082
gen 725 out 80191
gen 726 out 80300
gen 727 out 80409
gen 728 out 80518
gen 729 out 80627
gen 730 out 80736
gen 731 out 80845
gen 732 out 80954
gen 733 out 81063
gen 734 out 81172
gen 735 out 81281
gen 736 out 81390
gen 737 out 81499
gen 738 out 81608
gen 739 out 81717
gen 740 out 81826
gen 741 out 81935
gen 742 out 82044
gen 743 out 82153
gen 744 out 82262
gen 745 out 82371
gen 746 out 82480
gen 747 out 82589
gen 748 out 82698
gen 749 out 82807
gen 750 out 82916
gen 751 out 83025
gen 752 out 83134
gen 753 out 83243
gen 754 out 83352
gen 755 out 83461
gen 756 out 83570
gen 757 out 83679
gen 758 out 83788
gen 759 out 83897
gen 760 out 84006
gen 761 out 84115
gen 762 out 84224
gen 763 out 84333
gen 764 out 84442
gen 765 out 84551
gen 766 out 84660
gen 767 out 84769
gen 768 out 84878
gen 769 out 84987
gen 770 out 85096
gen 771 out 85205
gen 772 out 85314
gen 773 out 85423
gen 774 out 85532
gen 775 out 85641
gen 776 out 85750
gen 777 out 85859
gen 778 out 85968
gen 779 out 86077
gen 780 out 86186
gen 781 out 86295
gen 782 out 86404
gen 783 out 86513
gen 784 out 86622
gen 785 out 86731
gen 786 out 86840
gen 787 out 86949
gen 788 out 87058
gen 789 out 87167
gen 790 out 87276
gen 791 out 87385
gen 792 out 87494
gen 793 out 87603
gen 794 out 87712
gen 795 out 87821
gen 796 out 87930
gen 797 out 88039
gen 798 out 88148
gen 799 out 88257
gen 800 out 88366
gen 801 out 88475
gen 802 out 88584
gen 803 out 88693
gen 804 out 88802
gen 805 out 88911
gen 806 out 89020
gen 807 out 89129
gen 808 out 89238
gen 809 out 89347
gen 810 out 89456
gen 811 out 89565
gen 812 out 89674
gen 813 out 89783
gen 814 out 89892
gen 815 out 90001
gen 816 out 90110
gen 817 out 90219
gen 818 out 90328
gen 819 out 90437
gen 820 out 90546
gen 821 out 90655
gen 822 out 90764
gen 823 out 90873
gen 824 out 90982
gen 825 out 91091
gen 826 out 91200
gen 827 out 91309
gen 828 out 91418
gen 829 out 91527
gen 830 out 91636
gen 831 out 91745
gen 832 out 91854
gen 833 out 91963
gen 834 out 92072
gen 835 out 92181
gen 836 out 92290
gen 837 out 92399
gen 838 out 92508
gen 839 out 92617
gen 840 out 92726
gen 841 out 92835
gen 842 out 92944
gen 843 out 93053
gen 844 out 93162
gen 845 out 93271
gen 846 out 93380
gen 847 out 93489
gen 848 out 93598
gen 849 out 93707
gen 850 out 93816
gen 851 out 93925
gen 852 out 94034
gen 853 out 94143
gen 854 out 94252
gen 855 out 94361
gen 856 out 94470
gen 857 out 94579
gen 858 out 94688
gen 859 out 94797
gen 860 out 94906
gen 861 out 95015
gen 862 out 95124
gen 863 out 95233
gen 864 out 95342
gen 865 out 95451
gen 866 out 95560
gen 867 out 95669
gen 868 out 95778
gen 869 out 95887
gen 870 out 95996
gen 871 out 96105
gen 872 out 96214
gen 873 out 96323
gen 874 out 96432
gen 875 out 96541
gen 876 out 96650
gen 877 out 96759
gen 878 out 96868
gen 879 out 96977
gen 880 out 97086
gen 881 out 97195
gen 882 out 97304
gen 883 out 97413
gen 884 out 97522
gen 885 out 97631
gen 886 out 97740
gen 887 out 97849
gen 888 out 97958
gen 889 out 98067
gen 890 out 98176
gen 891 out 98285
gen 892 out 98394
gen 893 out 98503
gen 894 out 98612
gen 895 out 98721
gen 896 out 98830
gen 897 out 98939
gen 898 out 99048
gen 899 out 99157
gen 900 out 99266
gen 901 out 99375
gen 902 out 99484
gen 903 out 99593
gen 904 out 99702
gen 905 out 99811
gen 906 out 99920
gen 907 out 100029
gen 908 out 100138
gen 909 out 100247
gen 910 out 100356
gen 911 out 100465
gen 912 out 100574
gen 913 out 100683
gen 914 out 100792
gen 915 out 100901
gen 916 out 101010
gen 917 out 101119
gen 918 out 101228
gen 919 out 101337
gen 920 out 101446
gen 921 out 101555
gen 922 out 101664
gen 923 out 101773
gen 924 out 101882
gen 925 out 101991
gen 926 out 102100
gen 927 out 102209
gen 928 out 102318
gen 929 out 102427
gen 930 out 102536
gen 931 out 102645
gen 932 out 102754
gen 933 out 102863
gen 934 out 102972
gen 935 out 103081
gen 936 out 103190
gen 937 out 103299
gen 938 out 103408
gen 939 out 103517
gen 940 out 103626
gen 941 out 103735
gen 942 out 103844
gen 943 out 103953
gen 944 out 104062
gen 945 out 104171
gen 946 out 104280
gen 947 out 104389
gen 948 out 104498
gen 949 out 104607
gen 950 out 104716
gen 951 out 104825
gen 952 out 104934
gen 953 out 105043
gen 954 out 105152
gen 955 out 105261
gen 956 out 105370
gen 957 out 105479
gen 958 out 105588
gen 959 out 105697
gen 960 out 105806
gen 961 out 105915
gen 962 out 106024
gen 963 out 106133
gen 964 out 106242
gen 965 out 106351
gen 966 out 106460
gen 967 out 106569
gen 968 out 106678
gen 969 out 106787
gen 970 out 106896
gen 971 out 107005
gen 972 out 107114
gen 973 out 107223
gen 974 out 107332
gen 975 out 107441
gen 976 out 107550
gen 977 out 107659
gen 978 out 107768
gen 979 out 107877
gen 980 out 107986
gen 981 out 108095
gen 982 out 108204
gen 983 out 108313
gen 984 out 108422
gen 985 out 108531
gen 986 out 108640
gen 987 out 108749
gen 988 out 108858
gen 989 out 108967
gen 990 out 109076
gen 991 out 109185
gen 992 out 109294
gen 993 out 109403
gen 994 out 109512
gen 995 out 109621
gen 996 out 109730
gen 997 out 109839
gen 998 out 109948
gen 999 out 110057
gen 1000 out 110166
gen 1001 out 110275
gen 1002 out 110384
gen 1003 out 110493
gen 1004 out 110602
gen 1005 out 110711
gen 1006 out 110820
gen 1007 out 110929
gen 1008 out 111038
gen 1009 out 111147
gen 1010 out 111256
gen 1011 out 111365
gen 1012 out 111474
gen 1013 out 111583
gen 1014 out 111692
gen 1015 out 111801
gen 1016 out 111910
gen 1017 out 112019
gen 1018 out 112128
gen 1019 out 112237
gen 1020 out 112346
gen 1021 out 112455
gen 1022 out 112564
gen 1023 out 112673
gen 1024 out 112782
gen 1025 out 112891
gen 1026 out 113000
gen 1027 out 113109
gen 1028 out 113218
gen 1029 out 113327
gen 1030 out 113436
gen 1031 out 113545
gen 1032 out 113654
gen 1033 out 113763
gen 1034 out 113872
gen 1035 out 113981
gen 1036 out 114090
gen 1037 out 114199
gen 1038 out 114308
gen 1039 out 114417
gen 1040 out 114526
gen 1041 out 114635
gen 1042 out 114744
gen 1043 out 114853
gen 1044 out 114962
gen 1045 out 115071
gen 1046 out 115180
gen 1047 out 115289
gen 1048 out 115398
gen 1049 out 115507
gen 1050 out 115616
gen 1051 out 115725
gen 1052 out 115834
gen 1053 out 115943
gen 1054 out 116052
gen 1055 out 116161
gen 1056 out 116270
gen 1057 out 116379
gen 1058 out 116488
gen 1059 out 116597
gen 1060 out 116706
gen 1061 out 116815
gen 1062 out 116924
gen 1063 out 117033
gen 1064 out 117142
gen 1065 out 117251
gen 1066 out 117360
gen 1067 out 117469
gen 1068 out 117578
gen 1069 out 117687
gen 1070 out 117796
gen 1071 out 117905
gen 1072 out 118014
gen 1073 out 118123
gen 1074 out 118232
gen 1075 out 118341
gen 1076 out 118450
gen 1077 out 118559
gen 1078 out 118668
gen 1079 out 118777
gen 1080 out 118886
gen 1081 out 118995
gen 1082 out 119104
gen 1083 out 119213
gen 1084 out 119322
gen 1085 out 119431
gen 1086 out 119540
gen 1087 out 119649
gen 1088 out 119758
gen 1089 out 119867
gen 1090 out 119976
gen 1091 out 120085
gen 1092 out 120194
gen 1093 out 120303
gen 1094 out 120412
gen 1095 out 120521
gen 1096 out 120630
gen 1097 out 120739
gen 1098 out 120848
gen 1099 out 120957
gen 1100 out 121066
gen 1101 out 121175
gen 1102 out 121284
gen 1103 out 121393
gen 1104 out 121502
gen 1105 out 121611
gen 1106 out 121720
gen 1107 out 121829
gen 1108 out 121938
gen 1109 out 122047
gen 1110 out 122156
gen 1111 out 122265
gen 1112 out 122374
gen 1113 out 122483
gen 1114 out 122592
gen 1115 out 122701
gen 1116 out 122810
gen 1117 out 122919
gen 1118 out 123028
gen 1119 out 123137
gen 1120 out 123246
gen 1121 out 123355
gen 1122 out 123464
gen 1123 out 123573
